[16:05:06] [Server thread/INFO]: Starting minecraft server version 1.8.8
[16:05:06] [Server thread/INFO]: Loading properties
[16:05:06] [Server thread/INFO]: Default game type: SURVIVAL
[16:05:07] [Server thread/INFO]: This server is running CraftBukkit version git-PaperSpigot-445 (MC: 1.8.8) (Implementing API version 1.8.8-R0.1-SNAPSHOT)
[16:05:07] [Server thread/INFO]: Unable to find file banned-players.json, creating it.
[16:05:07] [Server thread/INFO]: Unable to find file banned-ips.json, creating it.
[16:05:07] [Server thread/INFO]: Unable to find file ops.json, creating it.
[16:05:07] [Server thread/INFO]: Unable to find file whitelist.json, creating it.
[16:05:07] [Server thread/INFO]: Debug logging is disabled
[16:05:07] [Server thread/INFO]: Spigot Timings: true - Verbose: true - Interval: 5m - Length: 60m
[16:05:07] [Server thread/INFO]: Server Ping Player Sample Count: 12

[16:05:07] [Server thread/INFO]: Using 4 threads for Netty based IO
[16:05:07] [Server thread/INFO]: Data value allowed items: 
[16:05:07] [Server thread/WARN]: java.lang.NoSuchFieldException: modifiers

[16:05:07] [Server thread/WARN]: 	at java.base/java.lang.Class.getDeclaredField(Class.java:2782)

[16:05:07] [Server thread/WARN]: 	at org.github.paperspigot.PaperSpigotConfig.stackableBuckets(PaperSpigotConfig.java:192)

[16:05:07] [Server thread/WARN]: 	at java.base/jdk.internal.reflect.DirectMethodHandleAccessor.invoke(DirectMethodHandleAccessor.java:103)

[16:05:07] [Server thread/WARN]: 	at java.base/java.lang.reflect.Method.invoke(Method.java:580)

[16:05:07] [Server thread/WARN]: 	at org.github.paperspigot.PaperSpigotConfig.readConfig(PaperSpigotConfig.java:84)

[16:05:07] [Server thread/WARN]: 	at org.github.paperspigot.PaperSpigotConfig.init(PaperSpigotConfig.java:62)

[16:05:07] [Server thread/WARN]: 	at net.minecraft.server.v1_8_R3.DedicatedServer.init(DedicatedServer.java:181)

[16:05:07] [Server thread/WARN]: 	at net.minecraft.server.v1_8_R3.MinecraftServer.run(MinecraftServer.java:563)

[16:05:07] [Server thread/WARN]: 	at java.base/java.lang.Thread.run(Thread.java:1583)

[16:05:07] [Server thread/INFO]: Generating keypair
[16:05:08] [Server thread/INFO]: Starting Minecraft server on localhost:25565
[16:05:08] [Server thread/INFO]: Your platform does not provide complete low-level API for accessing direct buffers reliably. Unless explicitly requested, heap buffer will always be preferred to avoid potential system unstability.
[16:05:08] [Server thread/INFO]: Using default channel type
[16:05:08] [Server thread/INFO]: Set PluginClassLoader as parallel capable
[16:05:08] [Server thread/INFO]: [SimpleTpa] Loading SimpleTpa v6.4
[16:05:08] [Server thread/INFO]: [SimpleHomes] Loading SimpleHomes v2.2
[16:05:08] [Server thread/INFO]: [WorldEdit] Loading WorldEdit v6.1;no_git_id
[16:05:08] [Server thread/INFO]: [LoginSecurity] Loading LoginSecurity v3.2.0
[16:05:08] [Server thread/WARN]: **** SERVER IS RUNNING IN OFFLINE/INSECURE MODE!
[16:05:08] [Server thread/WARN]: The server will make no attempt to authenticate usernames. Beware.
[16:05:08] [Server thread/WARN]: Whilst this makes it possible to use BungeeCord, unless access to your server is properly restricted, it also opens up the ability for hackers to connect with any username they choose.
[16:05:08] [Server thread/WARN]: Please see http://www.spigotmc.org/wiki/firewall-guide/ for further information.
[16:05:08] [Server thread/WARN]: To change this, set "online-mode" to "true" in the server.properties file.
[16:05:08] [Server thread/INFO]: **** Beginning UUID conversion, this may take A LONG time ****
[16:05:08] [Server thread/INFO]: Preparing level "world"
[16:05:08] [Server thread/INFO]: -------- World Settings For [world] --------
[16:05:08] [Server thread/INFO]: Mob Spawn Range: 4
[16:05:08] [Server thread/INFO]: Anti X-Ray: true
[16:05:08] [Server thread/INFO]: 	Engine Mode: 1
[16:05:08] [Server thread/INFO]: 	Hidden Blocks: [14, 15, 16, 21, 48, 49, 54, 56, 73, 74, 82, 129, 130]
[16:05:08] [Server thread/INFO]: 	Replace Blocks: [1, 5]
[16:05:08] [Server thread/INFO]: Nerfing mobs spawned from spawners: false
[16:05:08] [Server thread/INFO]: Cactus Growth Modifier: 100%
[16:05:08] [Server thread/INFO]: Cane Growth Modifier: 100%
[16:05:08] [Server thread/INFO]: Melon Growth Modifier: 100%
[16:05:08] [Server thread/INFO]: Mushroom Growth Modifier: 100%
[16:05:08] [Server thread/INFO]: Pumpkin Growth Modifier: 100%
[16:05:08] [Server thread/INFO]: Sapling Growth Modifier: 100%
[16:05:08] [Server thread/INFO]: Wheat Growth Modifier: 100%
[16:05:08] [Server thread/INFO]: NetherWart Growth Modifier: 100%
[16:05:08] [Server thread/INFO]: Entity Activation Range: An 32 / Mo 32 / Mi 16
[16:05:08] [Server thread/INFO]: Entity Tracking Range: Pl 48 / An 48 / Mo 48 / Mi 32 / Other 64
[16:05:08] [Server thread/INFO]: Hopper Transfer: 8 Hopper Check: 8 Hopper Amount: 1
[16:05:08] [Server thread/INFO]: Random Lighting Updates: false
[16:05:08] [Server thread/INFO]: Structure Info Saving: true
[16:05:08] [Server thread/INFO]: Sending up to 10 chunks per packet
[16:05:08] [Server thread/INFO]: Max Entity Collisions: 8
[16:05:08] [Server thread/INFO]: Custom Map Seeds:  Village: 10387312 Feature: 14357617
[16:05:08] [Server thread/INFO]: Max TNT Explosions: 100
[16:05:08] [Server thread/INFO]: Tile Max Tick Time: 50ms Entity max Tick Time: 50ms
[16:05:08] [Server thread/INFO]: Item Despawn Rate: 6000
[16:05:08] [Server thread/INFO]: Item Merge Radius: 2.5
[16:05:08] [Server thread/INFO]: Arrow Despawn Rate: 1200
[16:05:08] [Server thread/INFO]: Allow Zombie Pigmen to spawn from portal blocks: true
[16:05:08] [Server thread/INFO]: View Distance: 4
[16:05:08] [Server thread/INFO]: Zombie Aggressive Towards Villager: true
[16:05:08] [Server thread/INFO]: Chunks to Grow per Tick: 650
[16:05:08] [Server thread/INFO]: Clear tick list: false
[16:05:08] [Server thread/INFO]: Experience Merge Radius: 3.0
[16:05:08] [Server thread/INFO]: -------- World Settings For [world] --------
[16:05:08] [Server thread/INFO]: Squids will spawn between Y: 45.0 and Y: 63.0
[16:05:08] [Server thread/INFO]: Max height for cactus growth 3. Max height for reed growth 3
[16:05:08] [Server thread/INFO]: Player blocking damage multiplier set to 0.5
[16:05:08] [Server thread/INFO]: Remove invalid mob spawner tile entities: true
[16:05:08] [Server thread/INFO]: Living Entity Despawn Ranges:  Soft: 32 Hard: 128
[16:05:08] [Server thread/INFO]: Water over lava flow speed: 5
[16:05:08] [Server thread/INFO]: Fix TNT cannons: false
[16:05:08] [Server thread/INFO]: Allow undead horse types to be leashed: false
[16:05:08] [Server thread/INFO]: Keep spawn chunk loaded: true
[16:05:08] [Server thread/INFO]: World async lighting: false
[16:05:08] [Server thread/INFO]: WorldServer TickNextTick cap set at 10000
[16:05:08] [Server thread/INFO]: WorldServer TickNextTickList cap always processes redstone: false
[16:05:08] [Server thread/INFO]: -------- World Settings For [world_nether] --------
[16:05:08] [Server thread/INFO]: Mob Spawn Range: 4
[16:05:08] [Server thread/INFO]: Anti X-Ray: true
[16:05:08] [Server thread/INFO]: 	Engine Mode: 1
[16:05:08] [Server thread/INFO]: 	Hidden Blocks: [14, 15, 16, 21, 48, 49, 54, 56, 73, 74, 82, 129, 130]
[16:05:08] [Server thread/INFO]: 	Replace Blocks: [1, 5]
[16:05:08] [Server thread/INFO]: Nerfing mobs spawned from spawners: false
[16:05:08] [Server thread/INFO]: Cactus Growth Modifier: 100%
[16:05:08] [Server thread/INFO]: Cane Growth Modifier: 100%
[16:05:08] [Server thread/INFO]: Melon Growth Modifier: 100%
[16:05:08] [Server thread/INFO]: Mushroom Growth Modifier: 100%
[16:05:08] [Server thread/INFO]: Pumpkin Growth Modifier: 100%
[16:05:08] [Server thread/INFO]: Sapling Growth Modifier: 100%
[16:05:08] [Server thread/INFO]: Wheat Growth Modifier: 100%
[16:05:08] [Server thread/INFO]: NetherWart Growth Modifier: 100%
[16:05:08] [Server thread/INFO]: Entity Activation Range: An 32 / Mo 32 / Mi 16
[16:05:08] [Server thread/INFO]: Entity Tracking Range: Pl 48 / An 48 / Mo 48 / Mi 32 / Other 64
[16:05:08] [Server thread/INFO]: Hopper Transfer: 8 Hopper Check: 8 Hopper Amount: 1
[16:05:08] [Server thread/INFO]: Random Lighting Updates: false
[16:05:08] [Server thread/INFO]: Structure Info Saving: true
[16:05:08] [Server thread/INFO]: Sending up to 10 chunks per packet
[16:05:08] [Server thread/INFO]: Max Entity Collisions: 8
[16:05:08] [Server thread/INFO]: Custom Map Seeds:  Village: 10387312 Feature: 14357617
[16:05:08] [Server thread/INFO]: Max TNT Explosions: 100
[16:05:08] [Server thread/INFO]: Tile Max Tick Time: 50ms Entity max Tick Time: 50ms
[16:05:08] [Server thread/INFO]: Item Despawn Rate: 6000
[16:05:08] [Server thread/INFO]: Item Merge Radius: 2.5
[16:05:08] [Server thread/INFO]: Arrow Despawn Rate: 1200
[16:05:08] [Server thread/INFO]: Allow Zombie Pigmen to spawn from portal blocks: true
[16:05:08] [Server thread/INFO]: View Distance: 4
[16:05:08] [Server thread/INFO]: Zombie Aggressive Towards Villager: true
[16:05:08] [Server thread/INFO]: Chunks to Grow per Tick: 650
[16:05:08] [Server thread/INFO]: Clear tick list: false
[16:05:08] [Server thread/INFO]: Experience Merge Radius: 3.0
[16:05:08] [Server thread/INFO]: -------- World Settings For [world_nether] --------
[16:05:08] [Server thread/INFO]: Squids will spawn between Y: 45.0 and Y: 63.0
[16:05:08] [Server thread/INFO]: Max height for cactus growth 3. Max height for reed growth 3
[16:05:08] [Server thread/INFO]: Player blocking damage multiplier set to 0.5
[16:05:08] [Server thread/INFO]: Remove invalid mob spawner tile entities: true
[16:05:08] [Server thread/INFO]: Living Entity Despawn Ranges:  Soft: 32 Hard: 128
[16:05:08] [Server thread/INFO]: Water over lava flow speed: 5
[16:05:08] [Server thread/INFO]: Fix TNT cannons: false
[16:05:08] [Server thread/INFO]: Allow undead horse types to be leashed: false
[16:05:08] [Server thread/INFO]: Keep spawn chunk loaded: true
[16:05:08] [Server thread/INFO]: World async lighting: false
[16:05:08] [Server thread/INFO]: WorldServer TickNextTick cap set at 10000
[16:05:08] [Server thread/INFO]: WorldServer TickNextTickList cap always processes redstone: false
[16:05:08] [Server thread/INFO]: -------- World Settings For [world_the_end] --------
[16:05:08] [Server thread/INFO]: Mob Spawn Range: 4
[16:05:08] [Server thread/INFO]: Anti X-Ray: true
[16:05:08] [Server thread/INFO]: 	Engine Mode: 1
[16:05:08] [Server thread/INFO]: 	Hidden Blocks: [14, 15, 16, 21, 48, 49, 54, 56, 73, 74, 82, 129, 130]
[16:05:08] [Server thread/INFO]: 	Replace Blocks: [1, 5]
[16:05:08] [Server thread/INFO]: Nerfing mobs spawned from spawners: false
[16:05:08] [Server thread/INFO]: Cactus Growth Modifier: 100%
[16:05:08] [Server thread/INFO]: Cane Growth Modifier: 100%
[16:05:08] [Server thread/INFO]: Melon Growth Modifier: 100%
[16:05:08] [Server thread/INFO]: Mushroom Growth Modifier: 100%
[16:05:08] [Server thread/INFO]: Pumpkin Growth Modifier: 100%
[16:05:08] [Server thread/INFO]: Sapling Growth Modifier: 100%
[16:05:08] [Server thread/INFO]: Wheat Growth Modifier: 100%
[16:05:08] [Server thread/INFO]: NetherWart Growth Modifier: 100%
[16:05:08] [Server thread/INFO]: Entity Activation Range: An 32 / Mo 32 / Mi 16
[16:05:08] [Server thread/INFO]: Entity Tracking Range: Pl 48 / An 48 / Mo 48 / Mi 32 / Other 64
[16:05:08] [Server thread/INFO]: Hopper Transfer: 8 Hopper Check: 8 Hopper Amount: 1
[16:05:08] [Server thread/INFO]: Random Lighting Updates: false
[16:05:08] [Server thread/INFO]: Structure Info Saving: true
[16:05:08] [Server thread/INFO]: Sending up to 10 chunks per packet
[16:05:08] [Server thread/INFO]: Max Entity Collisions: 8
[16:05:08] [Server thread/INFO]: Custom Map Seeds:  Village: 10387312 Feature: 14357617
[16:05:08] [Server thread/INFO]: Max TNT Explosions: 100
[16:05:08] [Server thread/INFO]: Tile Max Tick Time: 50ms Entity max Tick Time: 50ms
[16:05:08] [Server thread/INFO]: Item Despawn Rate: 6000
[16:05:08] [Server thread/INFO]: Item Merge Radius: 2.5
[16:05:08] [Server thread/INFO]: Arrow Despawn Rate: 1200
[16:05:08] [Server thread/INFO]: Allow Zombie Pigmen to spawn from portal blocks: true
[16:05:08] [Server thread/INFO]: View Distance: 4
[16:05:08] [Server thread/INFO]: Zombie Aggressive Towards Villager: true
[16:05:08] [Server thread/INFO]: Chunks to Grow per Tick: 650
[16:05:08] [Server thread/INFO]: Clear tick list: false
[16:05:08] [Server thread/INFO]: Experience Merge Radius: 3.0
[16:05:08] [Server thread/INFO]: -------- World Settings For [world_the_end] --------
[16:05:08] [Server thread/INFO]: Squids will spawn between Y: 45.0 and Y: 63.0
[16:05:08] [Server thread/INFO]: Max height for cactus growth 3. Max height for reed growth 3
[16:05:08] [Server thread/INFO]: Player blocking damage multiplier set to 0.5
[16:05:08] [Server thread/INFO]: Remove invalid mob spawner tile entities: true
[16:05:08] [Server thread/INFO]: Living Entity Despawn Ranges:  Soft: 32 Hard: 128
[16:05:08] [Server thread/INFO]: Water over lava flow speed: 5
[16:05:08] [Server thread/INFO]: Fix TNT cannons: false
[16:05:08] [Server thread/INFO]: Allow undead horse types to be leashed: false
[16:05:08] [Server thread/INFO]: Keep spawn chunk loaded: true
[16:05:08] [Server thread/INFO]: World async lighting: false
[16:05:08] [Server thread/INFO]: WorldServer TickNextTick cap set at 10000
[16:05:08] [Server thread/INFO]: WorldServer TickNextTickList cap always processes redstone: false
[16:05:08] [Server thread/INFO]: Preparing start region for level 0 (Seed: 75934527770916121)
[16:05:09] [Server thread/INFO]: Preparing spawn area: 5%
[16:05:10] [Server thread/INFO]: Preparing spawn area: 9%
[16:05:11] [Server thread/INFO]: Preparing spawn area: 13%
[16:05:12] [Server thread/INFO]: Preparing spawn area: 25%
[16:05:13] [Server thread/INFO]: Preparing spawn area: 40%
[16:05:14] [Server thread/INFO]: Preparing spawn area: 47%
[16:05:15] [Server thread/INFO]: Preparing spawn area: 59%
[16:05:16] [Server thread/INFO]: Preparing spawn area: 66%
[16:05:18] [Server thread/INFO]: Preparing spawn area: 84%
[16:05:18] [Server thread/INFO]: Preparing start region for level 1 (Seed: 75934527770916121)
[16:05:19] [Server thread/INFO]: Preparing spawn area: 15%
[16:05:20] [Server thread/INFO]: Preparing spawn area: 29%
[16:05:21] [Server thread/INFO]: Preparing spawn area: 56%
[16:05:22] [Server thread/INFO]: Preparing spawn area: 83%
[16:05:23] [Server thread/INFO]: Preparing spawn area: 97%
[16:05:23] [Server thread/INFO]: Preparing start region for level 2 (Seed: 75934527770916121)
[16:05:24] [Server thread/INFO]: Preparing spawn area: 45%
[16:05:25] [Server thread/INFO]: [SimpleTpa] Enabling SimpleTpa v6.4
[16:05:25] [Server thread/INFO]: [0;33;1m[21m[SimpleTpa] If you need support contact me at https://discord.gg/SZUkza9[m

[16:05:25] [Server thread/INFO]: [0;33;1m[21m[SimpleTpa] Simple Tpa has been enabled on version 6.4[m

[16:05:25] [Server thread/INFO]: Enabled metrics. You may opt-out by changing plugins/bStats/config.yml
[16:05:25] [Server thread/INFO]: [SimpleHomes] Enabling SimpleHomes v2.2
[16:05:25] [Server thread/INFO]: [WorldEdit] Enabling WorldEdit v6.1;no_git_id
[16:05:25] [Server thread/INFO]: WEPIF: Updated config file
[16:05:25] [Server thread/INFO]: WEPIF: Using the Bukkit Permissions API.
[16:05:25] [Server thread/INFO]: [WorldEdit] Using com.sk89q.worldedit.bukkit.adapter.impl.Spigot_v1_8_R3 as the Bukkit adapter
[16:05:25] [Server thread/INFO]: [LoginSecurity] Enabling LoginSecurity v3.2.0
[16:05:26] [Server thread/INFO]: [LoginSecurity] Loading base translations from "en_us"
[16:05:26] [Server thread/INFO]: [LoginSecurity] Loading specified translations from "en_us"
[16:05:26] [Server thread/INFO]: [LoginSecurity] Registering commands...
[16:05:26] [Server thread/INFO]: [LoginSecurity] Registering listeners...
[16:05:26] [Server thread/INFO]: Done (17.780s)! For help, type "help" or "?"
[16:05:26] [Server thread/INFO]: Timings Reset
[16:05:27] [Craft Scheduler Thread - 0/INFO]: [0;31;1m[21m[SimpleTpa] There is a new update available.[m

[16:05:27] [Craft Scheduler Thread - 0/INFO]: [0;31;1m[SimpleTpa] There is a new update available:[m

[16:05:27] [Craft Scheduler Thread - 0/INFO]: [0;31;1m[SimpleTpa] https://www.spigotmc.org/resources/simple-tpa.64270/[m

[16:05:34] [Server thread/INFO]: Opped dobby_goat
[16:07:34] [Thread-7/INFO]: UUID of player dobby_goat is f68a3497-6a95-3102-b4cd-5dd44b9e9a9f
[16:07:35] [Server thread/INFO]: dobby_goat[/[0:0:0:0:0:0:0:1]:33376] logged in with entity id 2282 at ([world]-228.5, 71.0, 148.5)
[16:07:42] [Server thread/INFO]: dobby_goat issued server command: /gamemode 1
[16:07:54] [Server thread/INFO]: Opped dobby_goat
[16:08:00] [Server thread/INFO]: dobby_goat issued server command: /gamemode 1
[16:08:00] [Server thread/INFO]: [dobby_goat: Set own game mode to Creative Mode]
[16:08:02] [Server thread/INFO]: dobby_goat has just earned the achievement [Taking Inventory]
[16:08:36] [Thread-8/INFO]: UUID of player jp__piedmont678 is b9f3cde6-78ff-331a-9877-5980a8987693
[16:08:36] [Server thread/INFO]: jp__piedmont678[/[0:0:0:0:0:0:0:1]:35610] logged in with entity id 2452 at ([world]-235.5, 73.0, 148.5)
[16:08:53] [Async Chat Thread - #0/INFO]: <dobby_goat> hi[m

[16:08:59] [Async Chat Thread - #0/INFO]: <dobby_goat> oops[m

[16:09:09] [Async Chat Thread - #0/INFO]: <jp__piedmont678> wit[m

[16:09:21] [Server thread/INFO]: dobby_goat issued server command: //wand
[16:09:28] [Async Chat Thread - #0/INFO]: <jp__piedmont678> were you at[m

[16:09:30] [Server thread/INFO]: jp__piedmont678 has just earned the achievement [Taking Inventory]
[16:09:43] [Server thread/INFO]: dobby_goat issued server command: /give jp__piedmont678 diamond_block 64
[16:09:43] [Server thread/INFO]: [dobby_goat: Given [Block of Diamond] * 64 to jp__piedmont678]
[16:09:50] [Async Chat Thread - #0/INFO]: <dobby_goat> make loot with that[m

[16:09:52] [Async Chat Thread - #0/INFO]: <dobby_goat> to be safe[m

[16:09:58] [Server thread/INFO]: jp__piedmont678 has just earned the achievement [Getting Wood]
[16:10:28] [Server thread/INFO]: jp__piedmont678 has just earned the achievement [Benchmarking]
[16:11:13] [Async Chat Thread - #1/INFO]: <dobby_goat> hold on[m

[16:11:24] [Thread-10/INFO]: UUID of player ARV_OFFICAL is 2d2fbb96-884c-3959-b3ae-6213f36ca59d
[16:11:24] [Server thread/INFO]: ARV_OFFICAL[/[0:0:0:0:0:0:0:1]:36082] logged in with entity id 3520 at ([world]-244.5, 72.0, 148.5)
[16:11:38] [Server thread/INFO]: jp__piedmont678 has just earned the achievement [Time to Strike!]
[16:11:57] [Async Chat Thread - #1/INFO]: <ARV_OFFICAL> i love preston[m

[16:12:02] [Async Chat Thread - #1/INFO]: <dobby_goat> nah[m

[16:12:05] [Server thread/INFO]: dobby_goat issued server command: /tp ARV_OFFICAL me
[16:12:05] [Server thread/INFO]: [dobby_goat: The entity UUID provided is in an invalid format]
[16:12:06] [Server thread/INFO]: jp__piedmont678 has just earned the achievement [Time to Mine!]
[16:12:06] [Server thread/INFO]: jp__piedmont678 has just earned the achievement [Getting an Upgrade]
[16:12:11] [Server thread/INFO]: dobby_goat issued server command: /tp ARV_OFFICAL dobby_goat
[16:12:11] [Server thread/INFO]: [dobby_goat: Teleported ARV_OFFICAL to dobby_goat]
[16:12:16] [Async Chat Thread - #1/INFO]: <ARV_OFFICAL> gay[m

[16:12:27] [Async Chat Thread - #1/INFO]: <ARV_OFFICAL> GOD!!!???[m

[16:12:28] [Async Chat Thread - #1/INFO]: <dobby_goat> dont make me kick u[m

[16:12:39] [Async Chat Thread - #1/INFO]: <ARV_OFFICAL> r u god?[m

[16:12:48] [Async Chat Thread - #1/INFO]: <dobby_goat> preston isnt joing[m

[16:12:51] [Async Chat Thread - #1/INFO]: <jp__piedmont678> dobby tp to you[m

[16:12:58] [Async Chat Thread - #1/INFO]: <ARV_OFFICAL> :([m

[16:13:05] [Server thread/INFO]: dobby_goat issued server command: /tp jp__piedmont678 dobby_goat
[16:13:05] [Server thread/INFO]: [dobby_goat: Teleported jp__piedmont678 to dobby_goat]
[16:13:12] [Async Chat Thread - #1/INFO]: <dobby_goat> finding a spot[m

[16:13:14] [Server thread/INFO]: dobby_goat issued server command: /fly
[16:13:19] [Async Chat Thread - #1/INFO]: <ARV_OFFICAL> k[m

[16:13:29] [Async Chat Thread - #1/INFO]: <jp__piedmont678> were is arv offical[m

[16:13:34] [Async Chat Thread - #1/INFO]: <dobby_goat> idk[m

[16:13:38] [Server thread/INFO]: dobby_goat issued server command: //thru
[16:13:39] [Server thread/INFO]: jp__piedmont678 has just earned the achievement [Monster Hunter]
[16:13:53] [Server thread/INFO]: jp__piedmont678 lost connection: Disconnected
[16:13:53] [Server thread/INFO]: jp__piedmont678 left the game.
[16:13:54] [Server thread/INFO]: dobby_goat issued server command: /tp ARV_OFFICAL jp
[16:13:54] [Server thread/INFO]: [dobby_goat: The entity UUID provided is in an invalid format]
[16:13:58] [Async Chat Thread - #1/INFO]: <ARV_OFFICAL> damn[m

[16:14:28] [Async Chat Thread - #1/INFO]: <ARV_OFFICAL> Lugi where have you gone :([m

[16:14:37] [Async Chat Thread - #1/INFO]: <ARV_OFFICAL> you didn't save all[m

[16:14:39] [Server thread/INFO]: dobby_goat issued server command: //chunk
[16:14:43] [Server thread/INFO]: dobby_goat issued server command: //walls barrier
[16:14:50] [Server thread/INFO]: dobby_goat issued server command: /tp ARV_OFFICAL dobby_goat
[16:14:50] [Server thread/INFO]: [dobby_goat: Teleported ARV_OFFICAL to dobby_goat]
[16:14:52] [Server thread/INFO]: dobby_goat issued server command: /pvp
[16:15:00] [Async Chat Thread - #1/INFO]: <ARV_OFFICAL> GOD!!![m

[16:15:06] [Server thread/INFO]: dobby_goat issued server command: /give ARV_OFFICAL diamond_block 64
[16:15:06] [Server thread/INFO]: [dobby_goat: Given [Block of Diamond] * 64 to ARV_OFFICAL]
[16:15:09] [Server thread/INFO]: ARV_OFFICAL lost connection: Disconnected
[16:15:09] [Server thread/INFO]: ARV_OFFICAL left the game.
[16:15:28] [Server thread/INFO]: dobby_goat issued server command: /give ARV_OFFICAL oak_logs 64
[16:15:28] [Server thread/INFO]: [dobby_goat: That player cannot be found]
[16:15:39] [Server thread/INFO]: dobby_goat issued server command: //set grass
[16:15:41] [Server thread/INFO]: dobby_goat lost connection: Disconnected
[16:15:41] [Server thread/INFO]: dobby_goat left the game.
