[16:03:29] [main/INFO]: Using mbed TLS based native cipher.
[16:03:29] [main/INFO]: Using zlib based native compressor.
[16:03:29] [main/INFO]: Enabled Waterfall version git:Waterfall-Bootstrap:1.19-R0.1-SNAPSHOT:f6069e2:513
[16:03:29] [main/INFO]: Not on Windows, attempting to use enhanced EpollEventLoop
[16:03:29] [main/INFO]: Epoll is working, utilising it!
[16:03:29] [main/INFO]: Discovered module: ModuleSpec(name=cmd_alert, file=modules/cmd_alert.jar, provider=JenkinsModuleSource())
[16:03:29] [main/INFO]: Discovered module: ModuleSpec(name=cmd_find, file=modules/cmd_find.jar, provider=JenkinsModuleSource())
[16:03:29] [main/INFO]: Discovered module: ModuleSpec(name=cmd_list, file=modules/cmd_list.jar, provider=JenkinsModuleSource())
[16:03:29] [main/INFO]: Discovered module: ModuleSpec(name=cmd_send, file=modules/cmd_send.jar, provider=JenkinsModuleSource())
[16:03:29] [main/INFO]: Discovered module: ModuleSpec(name=cmd_server, file=modules/cmd_server.jar, provider=JenkinsModuleSource())
[16:03:29] [main/INFO]: Discovered module: ModuleSpec(name=reconnect_yaml, file=modules/reconnect_yaml.jar, provider=JenkinsModuleSource())
[16:03:29] [main/INFO]: Attempting to update plugin from null to ModuleVersion(build=513, git=f6069e2)
[16:03:29] [main/INFO]: Attempting to Jenkins download module cmd_alert v513
[16:03:30] [main/INFO]: Download complete
[16:03:30] [main/INFO]: Attempting to update plugin from null to ModuleVersion(build=513, git=f6069e2)
[16:03:30] [main/INFO]: Attempting to Jenkins download module cmd_find v513
[16:03:30] [main/INFO]: Download complete
[16:03:30] [main/INFO]: Attempting to update plugin from null to ModuleVersion(build=513, git=f6069e2)
[16:03:30] [main/INFO]: Attempting to Jenkins download module cmd_list v513
[16:03:30] [main/INFO]: Download complete
[16:03:30] [main/INFO]: Attempting to update plugin from null to ModuleVersion(build=513, git=f6069e2)
[16:03:30] [main/INFO]: Attempting to Jenkins download module cmd_send v513
[16:03:30] [main/INFO]: Download complete
[16:03:30] [main/INFO]: Attempting to update plugin from null to ModuleVersion(build=513, git=f6069e2)
[16:03:30] [main/INFO]: Attempting to Jenkins download module cmd_server v513
[16:03:30] [main/INFO]: Download complete
[16:03:30] [main/INFO]: Attempting to update plugin from null to ModuleVersion(build=513, git=f6069e2)
[16:03:30] [main/INFO]: Attempting to Jenkins download module reconnect_yaml v513
[16:03:31] [main/INFO]: Download complete
[16:03:31] [main/INFO]: Loaded plugin reconnect_yaml version git:reconnect_yaml:1.19-R0.1-SNAPSHOT:f6069e2:513 by WaterfallMC
[16:03:31] [main/INFO]: Loaded plugin cmd_find version git:cmd_find:1.19-R0.1-SNAPSHOT:f6069e2:513 by WaterfallMC
[16:03:31] [main/INFO]: Loaded plugin cmd_server version git:cmd_server:1.19-R0.1-SNAPSHOT:f6069e2:513 by WaterfallMC
[16:03:31] [main/INFO]: Loaded plugin cmd_alert version git:cmd_alert:1.19-R0.1-SNAPSHOT:f6069e2:513 by WaterfallMC
[16:03:31] [main/INFO]: Loaded plugin cmd_send version git:cmd_send:1.19-R0.1-SNAPSHOT:f6069e2:513 by WaterfallMC
[16:03:31] [main/INFO]: Loaded plugin cmd_list version git:cmd_list:1.19-R0.1-SNAPSHOT:f6069e2:513 by WaterfallMC
[16:03:31] [main/WARN]: :>:>:>:>:>:>:>:>:>:>:>:>:>:>:>:>:>:>:>:>:>:>:>
[16:03:31] [main/WARN]: :>  
[16:03:31] [main/WARN]: :>      EAGLERCRAFTXBUNGEE WARNING:
[16:03:31] [main/WARN]: :>  
[16:03:31] [main/WARN]: :>  This plugin wasn't tested to be 'working'
[16:03:31] [main/WARN]: :>  with ANY version of BungeeCord (and forks)
[16:03:31] [main/WARN]: :>  apart from the versions listed below:
[16:03:31] [main/WARN]: :>  
[16:03:31] [main/WARN]: :>  - BungeeCord: 1.20-R0.3-SNAPSHOT:eda268b:1797
[16:03:31] [main/WARN]: :>  - Waterfall: 1.20-R0.2-SNAPSHOT:92b5149:562
[16:03:31] [main/WARN]: :>  - FlameCord: 1.1.1
[16:03:31] [main/WARN]: :>  
[16:03:31] [main/WARN]: :>  This is not a Bukkit/Spigot plugin!
[16:03:31] [main/WARN]: :>  
[16:03:31] [main/WARN]: :>  Use "-Deaglerxbungee.stfu=true" to hide
[16:03:31] [main/WARN]: :>  
[16:03:31] [main/WARN]: :>:>:>:>:>:>:>:>:>:>:>:>:>:>:>:>:>:>:>:>:>:>:>
[16:03:31] [main/INFO] [EaglercraftXBungee]: Loading vanilla profile: lax1dude
[16:03:31] [Skin Download Thread #1/INFO] [EaglercraftXBungee]: Loaded vanilla profile: lax1dude
[16:03:31] [main/INFO]: Loaded plugin EaglercraftXBungee version 1.0.10 by lax1dude
[16:03:31] [main/WARN]: Forced host server pvp is not defined
[16:03:31] [main/INFO]: Enabled plugin reconnect_yaml version git:reconnect_yaml:1.19-R0.1-SNAPSHOT:f6069e2:513 by WaterfallMC
[16:03:31] [main/INFO]: Enabled plugin cmd_find version git:cmd_find:1.19-R0.1-SNAPSHOT:f6069e2:513 by WaterfallMC
[16:03:31] [main/INFO]: Enabled plugin cmd_server version git:cmd_server:1.19-R0.1-SNAPSHOT:f6069e2:513 by WaterfallMC
[16:03:31] [main/INFO]: Enabled plugin cmd_alert version git:cmd_alert:1.19-R0.1-SNAPSHOT:f6069e2:513 by WaterfallMC
[16:03:31] [main/INFO]: Enabled plugin cmd_send version git:cmd_send:1.19-R0.1-SNAPSHOT:f6069e2:513 by WaterfallMC
[16:03:31] [main/INFO]: Enabled plugin cmd_list version git:cmd_list:1.19-R0.1-SNAPSHOT:f6069e2:513 by WaterfallMC
[16:03:31] [main/ERROR] [EaglercraftXBungee]: Online mode is set to false! Authentication system has been disabled
[16:03:32] [Netty Worker IO Thread #0/INFO] [EaglercraftXBungee]: Eaglercraft is listening on: /0.0.0.0:8081
[16:03:32] [main/INFO] [EaglercraftXBungee]: Downloading from maven: https://repo1.maven.org/maven2/org/xerial/sqlite-jdbc/3.45.0.0/sqlite-jdbc-3.45.0.0.jar
[16:03:32] [EaglerXBungee: Network Tick Tasks/INFO] [EaglercraftXBungee]: Downloading new certificate: https://eaglercraft.com/backup.cert
[16:03:32] [EaglerXBungee: Network Tick Tasks/INFO] [EaglercraftXBungee]: Loaded certificate: /workspaces/DobbySMP/bungee/plugins/EaglercraftXBungee/eagcert/$dl.24a1bafc15c675276968d78cdcb55a04992bddb0.cert
[16:03:32] [main/INFO] [EaglercraftXBungee]: Connected to database: jdbc:sqlite:eaglercraft_skins_cache.db
[16:03:32] [main/INFO]: Enabled plugin EaglercraftXBungee version 1.0.10 by lax1dude
[16:03:32] [Netty Boss IO Thread #0/INFO]: Listening on /127.0.0.1:25577
[16:07:34] [Netty Worker IO Thread #0/INFO] [EaglercraftXBungee]: [/[0:0:0:0:0:0:0:1%0]:44934]: Connected via websocket
[16:07:34] [Netty Worker IO Thread #0/INFO] [EaglercraftXBungee]: [/[0:0:0:0:0:0:0:1%0]:44934]: Origin header is null
[16:07:34] [Netty Worker IO Thread #0/INFO] [EaglercraftXBungee]: [/[0:0:0:0:0:0:0:1%0]:44934]: Logged in as 'dobby_goat'
[16:07:34] [Netty Worker IO Thread #0/INFO]: [/[0:0:0:0:0:0:0:1%0]:44934|dobby_goat] -> UpstreamBridge has connected
[16:07:34] [Netty Worker IO Thread #0/INFO]: [dobby_goat|/[0:0:0:0:0:0:0:1%0]:44934] <-> ServerConnector [lobby] has connected
[16:08:36] [Netty Worker IO Thread #1/INFO] [EaglercraftXBungee]: [/[0:0:0:0:0:0:0:1%0]:36606]: Connected via websocket
[16:08:36] [Netty Worker IO Thread #1/INFO] [EaglercraftXBungee]: [/[0:0:0:0:0:0:0:1%0]:36606]: Origin header is null
[16:08:36] [Netty Worker IO Thread #1/INFO] [EaglercraftXBungee]: [/[0:0:0:0:0:0:0:1%0]:36606]: Logged in as 'jp__piedmont678'
[16:08:36] [Netty Worker IO Thread #1/INFO]: [/[0:0:0:0:0:0:0:1%0]:36606|jp__piedmont678] -> UpstreamBridge has connected
[16:08:36] [Netty Worker IO Thread #1/INFO]: [jp__piedmont678|/[0:0:0:0:0:0:0:1%0]:36606] <-> ServerConnector [lobby] has connected
[16:11:23] [Netty Worker IO Thread #2/INFO] [EaglercraftXBungee]: [/[0:0:0:0:0:0:0:1%0]:41968]: Connected via websocket
[16:11:23] [Netty Worker IO Thread #2/INFO] [EaglercraftXBungee]: [/[0:0:0:0:0:0:0:1%0]:41968]: Origin header is https://twomuchnerdo.github.io
[16:11:24] [Netty Worker IO Thread #2/INFO] [EaglercraftXBungee]: [/[0:0:0:0:0:0:0:1%0]:41968]: Logged in as 'ARV_OFFICAL'
[16:11:24] [Netty Worker IO Thread #2/INFO]: [/[0:0:0:0:0:0:0:1%0]:41968|ARV_OFFICAL] -> UpstreamBridge has connected
[16:11:24] [Netty Worker IO Thread #2/INFO]: [ARV_OFFICAL|/[0:0:0:0:0:0:0:1%0]:41968] <-> ServerConnector [lobby] has connected
[16:13:53] [Netty Worker IO Thread #1/INFO]: [/[0:0:0:0:0:0:0:1%0]:36606|jp__piedmont678] -> UpstreamBridge has disconnected
[16:13:53] [Netty Worker IO Thread #1/INFO]: [jp__piedmont678] disconnected with: Proxy lost connection to server.
[16:13:53] [Netty Worker IO Thread #1/INFO]: [/[0:0:0:0:0:0:0:1%0]:36606|jp__piedmont678] <-> DownstreamBridge <-> [lobby] has disconnected
[16:15:09] [Netty Worker IO Thread #2/INFO]: [/[0:0:0:0:0:0:0:1%0]:41968|ARV_OFFICAL] -> UpstreamBridge has disconnected
[16:15:09] [Netty Worker IO Thread #2/INFO]: [ARV_OFFICAL] disconnected with: Proxy lost connection to server.
[16:15:09] [Netty Worker IO Thread #2/INFO]: [/[0:0:0:0:0:0:0:1%0]:41968|ARV_OFFICAL] <-> DownstreamBridge <-> [lobby] has disconnected
[16:15:12] [Netty Worker IO Thread #3/WARN] [EaglercraftXBungee]: Server icon is not a file: /workspaces/DobbySMP/bungee/server-icon.png
[16:15:41] [Netty Worker IO Thread #0/INFO]: [/[0:0:0:0:0:0:0:1%0]:44934|dobby_goat] -> UpstreamBridge has disconnected
[16:15:41] [Netty Worker IO Thread #0/INFO]: [dobby_goat] disconnected with: Proxy lost connection to server.
[16:15:41] [Netty Worker IO Thread #0/INFO]: [/[0:0:0:0:0:0:0:1%0]:44934|dobby_goat] <-> DownstreamBridge <-> [lobby] has disconnected
